{"timestamp":"2025-07-15T13:49:35.564Z","level":"error","message":"Failed to upload file to GCS","error":{"code":403,"errors":[{"message":"lookiyaccount@lookiy-466009.iam.gserviceaccount.com does not have storage.objects.create access to the Google Cloud Storage object. Permission 'storage.objects.create' denied on resource (or it may not exist).","domain":"global","reason":"forbidden"}],"response":{"headers":{"alt-svc":"h3=\":443\"; ma=2592000,h3-29=\":443\"; ma=2592000","cache-control":"no-cache, no-store, max-age=0, must-revalidate","content-length":"594","content-type":"text/html; charset=UTF-8","date":"Tue, 15 Jul 2025 13:49:35 GMT","expires":"Mon, 01 Jan 1990 00:00:00 GMT","pragma":"no-cache","server":"UploadServer","vary":"Origin, X-Origin","x-guploader-uploadid":"ABgVH88IPJi12uvQPjIzyvNhjD8iFbadtrlPJv85mXBIoX1rTp8xD_zIvpQoO8wT36j22cRk"}},"message":"lookiyaccount@lookiy-466009.iam.gserviceaccount.com does not have storage.objects.create access to the Google Cloud Storage object. Permission 'storage.objects.create' denied on resource (or it may not exist)."}}
{"timestamp":"2025-07-15T13:49:35.567Z","level":"error","message":"Avatar upload failed","userId":"8c6b22a6-85e5-48a9-ba24-83d7bf6572e5","error":"lookiyaccount@lookiy-466009.iam.gserviceaccount.com does not have storage.objects.create access to the Google Cloud Storage object. Permission 'storage.objects.create' denied on resource (or it may not exist)."}
{"timestamp":"2025-07-15T13:49:35.568Z","level":"info","message":"Request processed","method":"PUT","url":"/profile","status":500,"duration":"2168ms","ip":"::1"}
{"timestamp":"2025-07-15T14:12:31.034Z","level":"info","message":"Profile updated successfully","userId":"8c6b22a6-85e5-48a9-ba24-83d7bf6572e5","updatedFields":[],"hasAvatar":true}
{"timestamp":"2025-07-15T14:12:31.036Z","level":"info","message":"Request processed","method":"PUT","url":"/profile","status":200,"duration":"1386ms","ip":"::1"}
{"timestamp":"2025-07-15T14:21:42.669Z","level":"info","message":"Starting user registration","email":"marcuslutas@gmail.com"}
{"timestamp":"2025-07-15T14:21:42.756Z","level":"info","message":"User registered successfully","userId":"e27b62c9-eef8-4335-9d9a-521efc86d125","email":"marcuslutas@gmail.com"}
{"timestamp":"2025-07-15T14:21:42.756Z","level":"info","message":"[DEV] Send verification email","email":"marcuslutas@gmail.com","token":"e27b62c9-eef8-4335-9d9a-521efc86d125"}
{"timestamp":"2025-07-15T14:21:42.756Z","level":"info","message":"Verification email sent","userId":"e27b62c9-eef8-4335-9d9a-521efc86d125","email":"marcuslutas@gmail.com"}
{"timestamp":"2025-07-15T14:21:42.757Z","level":"info","message":"Request processed","method":"POST","url":"/register","status":201,"duration":"98ms","ip":"::1"}
{"timestamp":"2025-07-15T14:24:04.853Z","level":"warn","message":"Login attempt with unverified account","email":"marcuslutas@gmail.com"}
{"timestamp":"2025-07-15T14:24:04.853Z","level":"info","message":"Request processed","method":"POST","url":"/login/","status":403,"duration":"99ms","ip":"::1"}
{"timestamp":"2025-07-15T14:24:20.758Z","level":"info","message":"Starting email verification","token":"8c6b22a6-85e5-48a9-ba24-83d7bf6572e5"}
{"timestamp":"2025-07-15T14:24:20.762Z","level":"warn","message":"Email verification failed - invalid token or already verified","token":"8c6b22a6-85e5-48a9-ba24-83d7bf6572e5"}
{"timestamp":"2025-07-15T14:24:20.763Z","level":"info","message":"Request processed","method":"GET","url":"/verify-email/?token=8c6b22a6-85e5-48a9-ba24-83d7bf6572e5","status":400,"duration":"6ms","ip":"::1"}
{"timestamp":"2025-07-15T14:24:50.824Z","level":"warn","message":"Login attempt with unverified account","email":"marcuslutas@gmail.com"}
{"timestamp":"2025-07-15T14:24:50.825Z","level":"info","message":"Request processed","method":"POST","url":"/login/","status":403,"duration":"103ms","ip":"::1"}
{"timestamp":"2025-07-15T14:24:52.281Z","level":"warn","message":"Login attempt with unverified account","email":"marcuslutas@gmail.com"}
{"timestamp":"2025-07-15T14:24:52.282Z","level":"info","message":"Request processed","method":"POST","url":"/login/","status":403,"duration":"93ms","ip":"::1"}
{"timestamp":"2025-07-15T14:25:47.648Z","level":"info","message":"Starting email verification","token":"8c6b22a6-85e5-48a9-ba24-83d7bf6572e5"}
{"timestamp":"2025-07-15T14:25:47.652Z","level":"warn","message":"Email verification failed - invalid token or already verified","token":"8c6b22a6-85e5-48a9-ba24-83d7bf6572e5"}
{"timestamp":"2025-07-15T14:25:47.653Z","level":"info","message":"Request processed","method":"GET","url":"/verify-email/?token=8c6b22a6-85e5-48a9-ba24-83d7bf6572e5","status":400,"duration":"6ms","ip":"::1"}
{"timestamp":"2025-07-15T14:35:32.278Z","level":"warn","message":"SendGrid API key not found in environment variables"}
{"timestamp":"2025-07-15T14:35:32.360Z","level":"info","message":"Google Cloud Storage initializing with:","projectId":"lookiy-466009","bucket":"avatar_bucket_01_v1","hasCredentials":true}
{"timestamp":"2025-07-15T14:35:32.369Z","level":"info","message":"Starting database migrations"}
{"timestamp":"2025-07-15T14:35:32.393Z","level":"info","message":"Database connection successful"}
{"timestamp":"2025-07-15T14:35:32.424Z","level":"info","message":"All database tables created successfully"}
{"timestamp":"2025-07-15T14:35:32.424Z","level":"info","message":"Database migrations completed"}
{"timestamp":"2025-07-15T14:35:32.439Z","level":"info","message":"Scheduled jobs initialized"}
{"timestamp":"2025-07-15T14:35:32.440Z","level":"info","message":"Server started and listening at http://localhost:3000"}
{"timestamp":"2025-07-15T14:35:33.527Z","level":"warn","message":"SendGrid API key not found in environment variables"}
{"timestamp":"2025-07-15T14:35:33.602Z","level":"info","message":"Google Cloud Storage initializing with:","projectId":"lookiy-466009","bucket":"avatar_bucket_01_v1","hasCredentials":true}
{"timestamp":"2025-07-15T14:35:33.609Z","level":"info","message":"Starting database migrations"}
{"timestamp":"2025-07-15T14:35:33.630Z","level":"info","message":"Database connection successful"}
{"timestamp":"2025-07-15T14:35:33.632Z","level":"info","message":"Database notice","msg":{"severity_local":"NOTICE","severity":"NOTICE","code":"42710","message":"extension \"uuid-ossp\" already exists, skipping","file":"extension.c","line":"1881","routine":"CreateExtension"}}
{"timestamp":"2025-07-15T14:35:33.633Z","level":"info","message":"Database notice","msg":{"severity_local":"NOTICE","severity":"NOTICE","code":"42P07","message":"relation \"users\" already exists, skipping","file":"parse_utilcmd.c","line":"207","routine":"transformCreateStmt"}}
{"timestamp":"2025-07-15T14:35:33.633Z","level":"info","message":"Database notice","msg":{"severity_local":"NOTICE","severity":"NOTICE","code":"42P07","message":"relation \"networks\" already exists, skipping","file":"parse_utilcmd.c","line":"207","routine":"transformCreateStmt"}}
{"timestamp":"2025-07-15T14:35:33.634Z","level":"info","message":"Database notice","msg":{"severity_local":"NOTICE","severity":"NOTICE","code":"42P07","message":"relation \"network_members\" already exists, skipping","file":"parse_utilcmd.c","line":"207","routine":"transformCreateStmt"}}
{"timestamp":"2025-07-15T14:35:33.635Z","level":"info","message":"Database notice","msg":{"severity_local":"NOTICE","severity":"NOTICE","code":"42P07","message":"relation \"connection_requests\" already exists, skipping","file":"parse_utilcmd.c","line":"207","routine":"transformCreateStmt"}}
{"timestamp":"2025-07-15T14:35:33.636Z","level":"info","message":"Database notice","msg":{"severity_local":"NOTICE","severity":"NOTICE","code":"42P07","message":"relation \"connections\" already exists, skipping","file":"parse_utilcmd.c","line":"207","routine":"transformCreateStmt"}}
{"timestamp":"2025-07-15T14:35:33.637Z","level":"info","message":"Database notice","msg":{"severity_local":"NOTICE","severity":"NOTICE","code":"42P07","message":"relation \"posts\" already exists, skipping","file":"parse_utilcmd.c","line":"207","routine":"transformCreateStmt"}}
{"timestamp":"2025-07-15T14:35:33.638Z","level":"info","message":"Database notice","msg":{"severity_local":"NOTICE","severity":"NOTICE","code":"42P07","message":"relation \"comments\" already exists, skipping","file":"parse_utilcmd.c","line":"207","routine":"transformCreateStmt"}}
{"timestamp":"2025-07-15T14:35:33.638Z","level":"info","message":"Database notice","msg":{"severity_local":"NOTICE","severity":"NOTICE","code":"42P07","message":"relation \"messages\" already exists, skipping","file":"parse_utilcmd.c","line":"207","routine":"transformCreateStmt"}}
{"timestamp":"2025-07-15T14:35:33.639Z","level":"info","message":"Database notice","msg":{"severity_local":"NOTICE","severity":"NOTICE","code":"42P07","message":"relation \"blocked_connections\" already exists, skipping","file":"parse_utilcmd.c","line":"207","routine":"transformCreateStmt"}}
{"timestamp":"2025-07-15T14:35:33.640Z","level":"info","message":"Database notice","msg":{"severity_local":"NOTICE","severity":"NOTICE","code":"42P07","message":"relation \"user_sessions\" already exists, skipping","file":"parse_utilcmd.c","line":"207","routine":"transformCreateStmt"}}
{"timestamp":"2025-07-15T14:35:33.640Z","level":"info","message":"Database notice","msg":{"severity_local":"NOTICE","severity":"NOTICE","code":"42P07","message":"relation \"login_attempts\" already exists, skipping","file":"parse_utilcmd.c","line":"207","routine":"transformCreateStmt"}}
{"timestamp":"2025-07-15T14:35:33.641Z","level":"info","message":"Database notice","msg":{"severity_local":"NOTICE","severity":"NOTICE","code":"42P07","message":"relation \"account_suspensions\" already exists, skipping","file":"parse_utilcmd.c","line":"207","routine":"transformCreateStmt"}}
{"timestamp":"2025-07-15T14:35:33.641Z","level":"info","message":"Database notice","msg":{"severity_local":"NOTICE","severity":"NOTICE","code":"42P07","message":"relation \"password_reset_tokens\" already exists, skipping","file":"parse_utilcmd.c","line":"207","routine":"transformCreateStmt"}}
{"timestamp":"2025-07-15T14:35:33.642Z","level":"info","message":"Database notice","msg":{"severity_local":"NOTICE","severity":"NOTICE","code":"42P07","message":"relation \"idx_password_reset_tokens_token\" already exists, skipping","file":"index.c","line":"889","routine":"index_create"}}
{"timestamp":"2025-07-15T14:35:33.643Z","level":"info","message":"Database notice","msg":{"severity_local":"NOTICE","severity":"NOTICE","code":"42P07","message":"relation \"idx_password_reset_tokens_user_id\" already exists, skipping","file":"index.c","line":"889","routine":"index_create"}}
{"timestamp":"2025-07-15T14:35:33.644Z","level":"info","message":"Database notice","msg":{"severity_local":"NOTICE","severity":"NOTICE","code":"42701","message":"column \"deletion_requested_at\" of relation \"users\" already exists, skipping","file":"tablecmds.c","line":"7471","routine":"check_for_column_name_collision"}}
{"timestamp":"2025-07-15T14:35:33.644Z","level":"info","message":"Database notice","msg":{"severity_local":"NOTICE","severity":"NOTICE","code":"42701","message":"column \"account_status\" of relation \"users\" already exists, skipping","file":"tablecmds.c","line":"7471","routine":"check_for_column_name_collision"}}
{"timestamp":"2025-07-15T14:35:33.645Z","level":"info","message":"Database notice","msg":{"severity_local":"NOTICE","severity":"NOTICE","code":"42P07","message":"relation \"deleted_accounts\" already exists, skipping","file":"parse_utilcmd.c","line":"207","routine":"transformCreateStmt"}}
{"timestamp":"2025-07-15T14:35:33.645Z","level":"info","message":"Database notice","msg":{"severity_local":"NOTICE","severity":"NOTICE","code":"42P07","message":"relation \"idx_deleted_accounts_user_id\" already exists, skipping","file":"index.c","line":"889","routine":"index_create"}}
{"timestamp":"2025-07-15T14:35:33.646Z","level":"info","message":"Database notice","msg":{"severity_local":"NOTICE","severity":"NOTICE","code":"42P07","message":"relation \"idx_deleted_accounts_recovery_token\" already exists, skipping","file":"index.c","line":"889","routine":"index_create"}}
{"timestamp":"2025-07-15T14:35:33.646Z","level":"info","message":"All database tables created successfully"}
{"timestamp":"2025-07-15T14:35:33.646Z","level":"info","message":"Database migrations completed"}
{"timestamp":"2025-07-15T14:35:33.661Z","level":"info","message":"Scheduled jobs initialized"}
{"timestamp":"2025-07-15T14:35:33.662Z","level":"info","message":"Server started and listening at http://localhost:3000"}
{"timestamp":"2025-07-15T14:41:01.263Z","level":"info","message":"Starting user registration","email":"kalungi@gmail.com"}
{"timestamp":"2025-07-15T14:41:01.354Z","level":"info","message":"User registered successfully","userId":"25d1762b-7540-4293-b83e-5fa8e777d828","email":"kalungi@gmail.com"}
{"timestamp":"2025-07-15T14:41:01.355Z","level":"info","message":"[DEV] Send verification email","email":"kalungi@gmail.com","token":"25d1762b-7540-4293-b83e-5fa8e777d828"}
{"timestamp":"2025-07-15T14:41:01.355Z","level":"info","message":"Verification email sent","userId":"25d1762b-7540-4293-b83e-5fa8e777d828","email":"kalungi@gmail.com"}
{"timestamp":"2025-07-15T14:41:01.356Z","level":"info","message":"Request processed","method":"POST","url":"/register","status":201,"duration":"98ms","ip":"::1"}
{"timestamp":"2025-07-15T14:42:10.183Z","level":"info","message":"Starting email verification","token":"25d1762b-7540-4293-b83e-5fa8e777d828"}
{"timestamp":"2025-07-15T14:42:10.191Z","level":"info","message":"Email verified successfully","userId":"25d1762b-7540-4293-b83e-5fa8e777d828","email":"kalungi@gmail.com"}
{"timestamp":"2025-07-15T14:42:10.192Z","level":"info","message":"Request processed","method":"GET","url":"/verify-email/?token=25d1762b-7540-4293-b83e-5fa8e777d828","status":200,"duration":"11ms","ip":"::1"}
{"timestamp":"2025-07-15T14:42:45.452Z","level":"info","message":"User logged in successfully","userId":"25d1762b-7540-4293-b83e-5fa8e777d828","email":"kalungi@gmail.com","deviceId":"c005c026-7e8d-4c19-aa6e-086873ada53d","sessionId":"b6ed24e8-441f-40a6-bd07-7b57249661e2"}
{"timestamp":"2025-07-15T14:42:45.453Z","level":"info","message":"Request processed","method":"POST","url":"/login/","status":200,"duration":"121ms","ip":"::1"}
{"timestamp":"2025-07-15T14:43:12.611Z","level":"info","message":"Profile updated successfully","userId":"25d1762b-7540-4293-b83e-5fa8e777d828","updatedFields":[],"hasAvatar":true}
{"timestamp":"2025-07-15T14:43:12.612Z","level":"info","message":"Request processed","method":"PUT","url":"/profile","status":200,"duration":"1917ms","ip":"::1"}
{"timestamp":"2025-07-15T14:57:36.508Z","level":"warn","message":"SendGrid API key not found in environment variables"}
{"timestamp":"2025-07-15T14:57:36.586Z","level":"info","message":"Google Cloud Storage initializing with:","projectId":"lookiy-466009","bucket":"avatar_bucket_01_v1","hasCredentials":true}
{"timestamp":"2025-07-15T14:57:36.594Z","level":"info","message":"Starting database migrations"}
{"timestamp":"2025-07-15T14:57:36.616Z","level":"info","message":"Database connection successful"}
{"timestamp":"2025-07-15T14:57:36.618Z","level":"info","message":"Database notice","msg":{"severity_local":"NOTICE","severity":"NOTICE","code":"42710","message":"extension \"uuid-ossp\" already exists, skipping","file":"extension.c","line":"1881","routine":"CreateExtension"}}
{"timestamp":"2025-07-15T14:57:36.619Z","level":"info","message":"Database notice","msg":{"severity_local":"NOTICE","severity":"NOTICE","code":"42P07","message":"relation \"users\" already exists, skipping","file":"parse_utilcmd.c","line":"207","routine":"transformCreateStmt"}}
{"timestamp":"2025-07-15T14:57:36.620Z","level":"info","message":"Database notice","msg":{"severity_local":"NOTICE","severity":"NOTICE","code":"42P07","message":"relation \"networks\" already exists, skipping","file":"parse_utilcmd.c","line":"207","routine":"transformCreateStmt"}}
{"timestamp":"2025-07-15T14:57:36.620Z","level":"info","message":"Database notice","msg":{"severity_local":"NOTICE","severity":"NOTICE","code":"42P07","message":"relation \"network_members\" already exists, skipping","file":"parse_utilcmd.c","line":"207","routine":"transformCreateStmt"}}
{"timestamp":"2025-07-15T14:57:36.621Z","level":"info","message":"Database notice","msg":{"severity_local":"NOTICE","severity":"NOTICE","code":"42P07","message":"relation \"connection_requests\" already exists, skipping","file":"parse_utilcmd.c","line":"207","routine":"transformCreateStmt"}}
{"timestamp":"2025-07-15T14:57:36.622Z","level":"info","message":"Database notice","msg":{"severity_local":"NOTICE","severity":"NOTICE","code":"42P07","message":"relation \"connections\" already exists, skipping","file":"parse_utilcmd.c","line":"207","routine":"transformCreateStmt"}}
{"timestamp":"2025-07-15T14:57:36.623Z","level":"info","message":"Database notice","msg":{"severity_local":"NOTICE","severity":"NOTICE","code":"42P07","message":"relation \"posts\" already exists, skipping","file":"parse_utilcmd.c","line":"207","routine":"transformCreateStmt"}}
{"timestamp":"2025-07-15T14:57:36.624Z","level":"info","message":"Database notice","msg":{"severity_local":"NOTICE","severity":"NOTICE","code":"42P07","message":"relation \"comments\" already exists, skipping","file":"parse_utilcmd.c","line":"207","routine":"transformCreateStmt"}}
{"timestamp":"2025-07-15T14:57:36.624Z","level":"info","message":"Database notice","msg":{"severity_local":"NOTICE","severity":"NOTICE","code":"42P07","message":"relation \"messages\" already exists, skipping","file":"parse_utilcmd.c","line":"207","routine":"transformCreateStmt"}}
{"timestamp":"2025-07-15T14:57:36.625Z","level":"info","message":"Database notice","msg":{"severity_local":"NOTICE","severity":"NOTICE","code":"42P07","message":"relation \"blocked_connections\" already exists, skipping","file":"parse_utilcmd.c","line":"207","routine":"transformCreateStmt"}}
{"timestamp":"2025-07-15T14:57:36.625Z","level":"info","message":"Database notice","msg":{"severity_local":"NOTICE","severity":"NOTICE","code":"42P07","message":"relation \"user_sessions\" already exists, skipping","file":"parse_utilcmd.c","line":"207","routine":"transformCreateStmt"}}
{"timestamp":"2025-07-15T14:57:36.626Z","level":"info","message":"Database notice","msg":{"severity_local":"NOTICE","severity":"NOTICE","code":"42P07","message":"relation \"login_attempts\" already exists, skipping","file":"parse_utilcmd.c","line":"207","routine":"transformCreateStmt"}}
{"timestamp":"2025-07-15T14:57:36.626Z","level":"info","message":"Database notice","msg":{"severity_local":"NOTICE","severity":"NOTICE","code":"42P07","message":"relation \"account_suspensions\" already exists, skipping","file":"parse_utilcmd.c","line":"207","routine":"transformCreateStmt"}}
{"timestamp":"2025-07-15T14:57:36.627Z","level":"info","message":"Database notice","msg":{"severity_local":"NOTICE","severity":"NOTICE","code":"42P07","message":"relation \"password_reset_tokens\" already exists, skipping","file":"parse_utilcmd.c","line":"207","routine":"transformCreateStmt"}}
{"timestamp":"2025-07-15T14:57:36.628Z","level":"info","message":"Database notice","msg":{"severity_local":"NOTICE","severity":"NOTICE","code":"42P07","message":"relation \"idx_password_reset_tokens_token\" already exists, skipping","file":"index.c","line":"889","routine":"index_create"}}
{"timestamp":"2025-07-15T14:57:36.628Z","level":"info","message":"Database notice","msg":{"severity_local":"NOTICE","severity":"NOTICE","code":"42P07","message":"relation \"idx_password_reset_tokens_user_id\" already exists, skipping","file":"index.c","line":"889","routine":"index_create"}}
{"timestamp":"2025-07-15T14:57:36.629Z","level":"info","message":"Database notice","msg":{"severity_local":"NOTICE","severity":"NOTICE","code":"42701","message":"column \"deletion_requested_at\" of relation \"users\" already exists, skipping","file":"tablecmds.c","line":"7471","routine":"check_for_column_name_collision"}}
{"timestamp":"2025-07-15T14:57:36.629Z","level":"info","message":"Database notice","msg":{"severity_local":"NOTICE","severity":"NOTICE","code":"42701","message":"column \"account_status\" of relation \"users\" already exists, skipping","file":"tablecmds.c","line":"7471","routine":"check_for_column_name_collision"}}
{"timestamp":"2025-07-15T14:57:36.630Z","level":"info","message":"Database notice","msg":{"severity_local":"NOTICE","severity":"NOTICE","code":"42P07","message":"relation \"deleted_accounts\" already exists, skipping","file":"parse_utilcmd.c","line":"207","routine":"transformCreateStmt"}}
{"timestamp":"2025-07-15T14:57:36.630Z","level":"info","message":"Database notice","msg":{"severity_local":"NOTICE","severity":"NOTICE","code":"42P07","message":"relation \"idx_deleted_accounts_user_id\" already exists, skipping","file":"index.c","line":"889","routine":"index_create"}}
{"timestamp":"2025-07-15T14:57:36.631Z","level":"info","message":"Database notice","msg":{"severity_local":"NOTICE","severity":"NOTICE","code":"42P07","message":"relation \"idx_deleted_accounts_recovery_token\" already exists, skipping","file":"index.c","line":"889","routine":"index_create"}}
{"timestamp":"2025-07-15T14:57:36.631Z","level":"info","message":"All database tables created successfully"}
{"timestamp":"2025-07-15T14:57:36.631Z","level":"info","message":"Database migrations completed"}
{"timestamp":"2025-07-15T14:57:36.646Z","level":"info","message":"Scheduled jobs initialized"}
{"timestamp":"2025-07-15T14:57:36.647Z","level":"info","message":"Server started and listening at http://localhost:3000"}
{"timestamp":"2025-07-15T14:57:37.047Z","level":"warn","message":"SendGrid API key not found in environment variables"}
{"timestamp":"2025-07-15T14:57:37.120Z","level":"info","message":"Google Cloud Storage initializing with:","projectId":"lookiy-466009","bucket":"avatar_bucket_01_v1","hasCredentials":true}
{"timestamp":"2025-07-15T14:57:37.128Z","level":"info","message":"Starting database migrations"}
{"timestamp":"2025-07-15T14:57:37.152Z","level":"info","message":"Database connection successful"}
{"timestamp":"2025-07-15T14:57:37.154Z","level":"info","message":"Database notice","msg":{"severity_local":"NOTICE","severity":"NOTICE","code":"42710","message":"extension \"uuid-ossp\" already exists, skipping","file":"extension.c","line":"1881","routine":"CreateExtension"}}
{"timestamp":"2025-07-15T14:57:37.155Z","level":"info","message":"Database notice","msg":{"severity_local":"NOTICE","severity":"NOTICE","code":"42P07","message":"relation \"users\" already exists, skipping","file":"parse_utilcmd.c","line":"207","routine":"transformCreateStmt"}}
{"timestamp":"2025-07-15T14:57:37.156Z","level":"info","message":"Database notice","msg":{"severity_local":"NOTICE","severity":"NOTICE","code":"42P07","message":"relation \"networks\" already exists, skipping","file":"parse_utilcmd.c","line":"207","routine":"transformCreateStmt"}}
{"timestamp":"2025-07-15T14:57:37.157Z","level":"info","message":"Database notice","msg":{"severity_local":"NOTICE","severity":"NOTICE","code":"42P07","message":"relation \"network_members\" already exists, skipping","file":"parse_utilcmd.c","line":"207","routine":"transformCreateStmt"}}
{"timestamp":"2025-07-15T14:57:37.158Z","level":"info","message":"Database notice","msg":{"severity_local":"NOTICE","severity":"NOTICE","code":"42P07","message":"relation \"connection_requests\" already exists, skipping","file":"parse_utilcmd.c","line":"207","routine":"transformCreateStmt"}}
{"timestamp":"2025-07-15T14:57:37.159Z","level":"info","message":"Database notice","msg":{"severity_local":"NOTICE","severity":"NOTICE","code":"42P07","message":"relation \"connections\" already exists, skipping","file":"parse_utilcmd.c","line":"207","routine":"transformCreateStmt"}}
{"timestamp":"2025-07-15T14:57:37.160Z","level":"info","message":"Database notice","msg":{"severity_local":"NOTICE","severity":"NOTICE","code":"42P07","message":"relation \"posts\" already exists, skipping","file":"parse_utilcmd.c","line":"207","routine":"transformCreateStmt"}}
{"timestamp":"2025-07-15T14:57:37.160Z","level":"info","message":"Database notice","msg":{"severity_local":"NOTICE","severity":"NOTICE","code":"42P07","message":"relation \"comments\" already exists, skipping","file":"parse_utilcmd.c","line":"207","routine":"transformCreateStmt"}}
{"timestamp":"2025-07-15T14:57:37.161Z","level":"info","message":"Database notice","msg":{"severity_local":"NOTICE","severity":"NOTICE","code":"42P07","message":"relation \"messages\" already exists, skipping","file":"parse_utilcmd.c","line":"207","routine":"transformCreateStmt"}}
{"timestamp":"2025-07-15T14:57:37.162Z","level":"info","message":"Database notice","msg":{"severity_local":"NOTICE","severity":"NOTICE","code":"42P07","message":"relation \"blocked_connections\" already exists, skipping","file":"parse_utilcmd.c","line":"207","routine":"transformCreateStmt"}}
{"timestamp":"2025-07-15T14:57:37.162Z","level":"info","message":"Database notice","msg":{"severity_local":"NOTICE","severity":"NOTICE","code":"42P07","message":"relation \"user_sessions\" already exists, skipping","file":"parse_utilcmd.c","line":"207","routine":"transformCreateStmt"}}
{"timestamp":"2025-07-15T14:57:37.163Z","level":"info","message":"Database notice","msg":{"severity_local":"NOTICE","severity":"NOTICE","code":"42P07","message":"relation \"login_attempts\" already exists, skipping","file":"parse_utilcmd.c","line":"207","routine":"transformCreateStmt"}}
{"timestamp":"2025-07-15T14:57:37.163Z","level":"info","message":"Database notice","msg":{"severity_local":"NOTICE","severity":"NOTICE","code":"42P07","message":"relation \"account_suspensions\" already exists, skipping","file":"parse_utilcmd.c","line":"207","routine":"transformCreateStmt"}}
{"timestamp":"2025-07-15T14:57:37.164Z","level":"info","message":"Database notice","msg":{"severity_local":"NOTICE","severity":"NOTICE","code":"42P07","message":"relation \"password_reset_tokens\" already exists, skipping","file":"parse_utilcmd.c","line":"207","routine":"transformCreateStmt"}}
{"timestamp":"2025-07-15T14:57:37.165Z","level":"info","message":"Database notice","msg":{"severity_local":"NOTICE","severity":"NOTICE","code":"42P07","message":"relation \"idx_password_reset_tokens_token\" already exists, skipping","file":"index.c","line":"889","routine":"index_create"}}
{"timestamp":"2025-07-15T14:57:37.166Z","level":"info","message":"Database notice","msg":{"severity_local":"NOTICE","severity":"NOTICE","code":"42P07","message":"relation \"idx_password_reset_tokens_user_id\" already exists, skipping","file":"index.c","line":"889","routine":"index_create"}}
{"timestamp":"2025-07-15T14:57:37.166Z","level":"info","message":"Database notice","msg":{"severity_local":"NOTICE","severity":"NOTICE","code":"42701","message":"column \"deletion_requested_at\" of relation \"users\" already exists, skipping","file":"tablecmds.c","line":"7471","routine":"check_for_column_name_collision"}}
{"timestamp":"2025-07-15T14:57:37.167Z","level":"info","message":"Database notice","msg":{"severity_local":"NOTICE","severity":"NOTICE","code":"42701","message":"column \"account_status\" of relation \"users\" already exists, skipping","file":"tablecmds.c","line":"7471","routine":"check_for_column_name_collision"}}
{"timestamp":"2025-07-15T14:57:37.168Z","level":"info","message":"Database notice","msg":{"severity_local":"NOTICE","severity":"NOTICE","code":"42P07","message":"relation \"deleted_accounts\" already exists, skipping","file":"parse_utilcmd.c","line":"207","routine":"transformCreateStmt"}}
{"timestamp":"2025-07-15T14:57:37.168Z","level":"info","message":"Database notice","msg":{"severity_local":"NOTICE","severity":"NOTICE","code":"42P07","message":"relation \"idx_deleted_accounts_user_id\" already exists, skipping","file":"index.c","line":"889","routine":"index_create"}}
{"timestamp":"2025-07-15T14:57:37.168Z","level":"info","message":"Database notice","msg":{"severity_local":"NOTICE","severity":"NOTICE","code":"42P07","message":"relation \"idx_deleted_accounts_recovery_token\" already exists, skipping","file":"index.c","line":"889","routine":"index_create"}}
{"timestamp":"2025-07-15T14:57:37.169Z","level":"info","message":"All database tables created successfully"}
{"timestamp":"2025-07-15T14:57:37.169Z","level":"info","message":"Database migrations completed"}
{"timestamp":"2025-07-15T14:57:37.184Z","level":"info","message":"Scheduled jobs initialized"}
{"timestamp":"2025-07-15T14:57:37.185Z","level":"info","message":"Server started and listening at http://localhost:3000"}
